<?xml version="1.0" encoding="UTF-8"?>
<!-- Generated by org.testng.reporters.JUnitReportReporter -->
<testsuite hostname="DESKTOP-VAKISGB" failures="0" tests="6" name="Entrytextbox.registrationTest" time="4.221" errors="0" timestamp="2024-07-20T16:56:36 IST" skipped="0">
  <testcase classname="Entrytextbox.registrationTest" name="submit" time="3.510"/>
  <testcase classname="Entrytextbox.registrationTest" name="writeUsername" time="0.112"/>
  <testcase classname="Entrytextbox.registrationTest" name="writeName" time="0.112"/>
  <testcase classname="Entrytextbox.registrationTest" name="writeEmail" time="0.160"/>
  <testcase classname="Entrytextbox.registrationTest" name="writeContact" time="0.137"/>
  <testcase classname="Entrytextbox.registrationTest" name="selectCountry" time="0.190"/>
</testsuite> <!-- Entrytextbox.registrationTest -->
